2023-05-18 11:53:11,144 : INFO : TestLogin : test001 : 15 : ******* Test is started ***********
2023-05-18 11:55:30,685 : INFO : TestLogin : test001 : 15 : ******* Test is started ***********
2023-05-18 11:58:17,738 : INFO : TestLogin : test001 : 15 : ******* Test is started ***********
2023-05-18 11:58:25,940 : INFO : TestLogin : test001 : 25 : ************* Test is passed
2023-05-18 12:01:21,628 : INFO : TestLogin : test001 : 15 : ******* Test is started ***********
2023-05-19 10:31:00,500 : INFO : TestLogin : test001 : 15 : ******* Test is started ***********
2023-05-19 10:31:03,806 : ERROR : TestLogin : test001 : 33 : ****************** Error is happend *********
2023-05-19 11:23:34,940 : INFO : TestLogin : test001 : 15 : ******* Test is started ***********
2023-05-19 11:23:39,987 : ERROR : TestLogin : test001 : 33 : ****************** Error is happend *********
2023-05-19 11:23:44,872 : INFO : TestLogin : test_002 : 40 : ************ Test2 has started ***********
2023-05-19 11:25:51,242 : INFO : TestLogin : test001 : 15 : ******* Test is started ***********
2023-05-19 11:25:57,779 : ERROR : TestLogin : test001 : 33 : ****************** Error is happend *********
2023-05-19 11:26:02,687 : INFO : TestLogin : test_002 : 40 : ************ Test2 has started ***********
2023-05-19 11:27:02,576 : INFO : TestLogin : test001 : 15 : ******* Test is started ***********
2023-05-19 11:27:12,980 : INFO : TestLogin : test001 : 25 : ************* Test is passed
2023-05-19 11:27:19,754 : INFO : TestLogin : test_002 : 40 : ************ Test2 has started ***********
2023-05-19 11:31:13,204 : INFO : TestLogin : test001 : 16 : ******* Test is started ***********
2023-05-19 11:31:22,797 : INFO : TestLogin : test001 : 26 : ************* Test is passed
2023-05-19 11:31:28,884 : INFO : TestLogin : test_002 : 41 : ************ Test2 has started ***********
2023-05-19 11:31:43,735 : INFO : TestLogin : test_002 : 53 : ***************** Test is passed **********
2023-05-19 11:38:52,279 : INFO : TestLogin : test001 : 16 : ******* Test is started ***********
2023-05-19 11:39:01,725 : INFO : TestLogin : test001 : 26 : ************* Test is passed
2023-05-19 11:39:09,155 : INFO : TestLogin : test_002 : 41 : ************ Test2 has started ***********
2023-05-19 12:21:34,569 : INFO : TestLogin : test_002 : 44 : ************ Test2 has started ***********
2023-05-19 12:21:49,011 : INFO : TestLogin : test_002 : 56 : ***************** Test is passed **********
2023-05-19 12:21:50,841 : INFO : TestLogin : test004 : 81 : *********** Test 4 has started **********
2023-05-19 12:21:50,842 : INFO : TestLogin : test004 : 86 : ************ test 4 is failed ********
2023-05-19 12:23:11,206 : INFO : TestLogin : test_002 : 45 : ************ Test2 has started ***********
2023-05-19 12:23:22,918 : INFO : TestLogin : test_002 : 57 : ***************** Test is passed **********
2023-05-19 12:23:25,020 : INFO : TestLogin : test003 : 72 : *********** Test 3 has started **********
2023-05-19 12:23:25,020 : INFO : TestLogin : test003 : 74 : ************ test 3 is passed ********
2023-05-19 12:23:25,025 : INFO : TestLogin : test004 : 83 : *********** Test 4 has started **********
2023-05-19 12:23:25,025 : INFO : TestLogin : test004 : 88 : ************ test 4 is failed ********
2023-05-19 12:23:59,302 : INFO : TestLogin : test001 : 19 : ******* Test is started ***********
2023-05-19 12:24:07,777 : INFO : TestLogin : test001 : 29 : ************* Test is passed
2023-05-19 12:24:11,239 : INFO : TestLogin : test003 : 72 : *********** Test 3 has started **********
2023-05-19 12:24:11,240 : INFO : TestLogin : test003 : 74 : ************ test 3 is passed ********
2023-05-19 12:24:11,245 : INFO : TestLogin : test006 : 94 : *********** Test 6 has started **********
2023-05-19 12:24:11,245 : INFO : TestLogin : test006 : 99 : ************ test 6 is failed ********
2023-05-19 12:25:13,456 : INFO : TestLogin : test001 : 19 : ******* Test is started ***********
2023-05-19 12:25:19,381 : INFO : TestLogin : test001 : 29 : ************* Test is passed
2023-05-19 12:25:23,787 : INFO : TestLogin : test_002 : 45 : ************ Test2 has started ***********
2023-05-19 12:25:32,457 : INFO : TestLogin : test_002 : 57 : ***************** Test is passed **********
2023-05-19 12:25:34,465 : INFO : TestLogin : test003 : 72 : *********** Test 3 has started **********
2023-05-19 12:25:34,465 : INFO : TestLogin : test003 : 74 : ************ test 3 is passed ********
2023-05-19 12:25:34,473 : INFO : TestLogin : test004 : 83 : *********** Test 4 has started **********
2023-05-19 12:25:34,474 : INFO : TestLogin : test004 : 88 : ************ test 4 is failed ********
2023-05-19 12:25:34,512 : INFO : TestLogin : test006 : 94 : *********** Test 6 has started **********
2023-05-19 12:25:34,512 : INFO : TestLogin : test006 : 99 : ************ test 6 is failed ********
2023-05-19 12:26:46,967 : INFO : TestLogin : test003 : 72 : *********** Test 3 has started **********
2023-05-19 12:26:46,967 : INFO : TestLogin : test003 : 74 : ************ test 3 is passed ********
2023-05-19 14:52:03,771 : INFO : TestLogin : test003 : 72 : *********** Test 3 has started **********
2023-05-19 14:52:03,772 : INFO : TestLogin : test003 : 74 : ************ test 3 is passed ********
2023-05-19 14:52:09,285 : INFO : TestLogin : test003 : 72 : *********** Test 3 has started **********
2023-05-19 14:52:09,286 : INFO : TestLogin : test003 : 74 : ************ test 3 is passed ********
2023-05-19 14:53:29,946 : INFO : TestLogin : test001 : 19 : ******* Test is started ***********
2023-05-19 14:53:36,401 : INFO : TestLogin : test001 : 29 : ************* Test is passed
2023-05-19 14:53:40,413 : INFO : TestLogin : test_002 : 45 : ************ Test2 has started ***********
2023-05-19 14:53:48,660 : INFO : TestLogin : test_002 : 57 : ***************** Test is passed **********
2023-05-19 14:53:50,566 : INFO : TestLogin : test003 : 72 : *********** Test 3 has started **********
2023-05-19 14:53:50,567 : INFO : TestLogin : test003 : 74 : ************ test 3 is passed ********
2023-05-19 14:53:50,572 : INFO : TestLogin : test004 : 83 : *********** Test 4 has started **********
2023-05-19 14:53:50,572 : INFO : TestLogin : test004 : 88 : ************ test 4 is failed ********
2023-05-19 14:53:50,610 : INFO : TestLogin : test006 : 94 : *********** Test 6 has started **********
2023-05-19 14:53:50,610 : INFO : TestLogin : test006 : 99 : ************ test 6 is failed ********
2023-05-19 14:54:05,828 : INFO : TestLogin : test003 : 72 : *********** Test 3 has started **********
2023-05-19 14:54:05,829 : INFO : TestLogin : test003 : 74 : ************ test 3 is passed ********
2023-05-19 14:54:19,205 : INFO : TestLogin : test003 : 72 : *********** Test 3 has started **********
2023-05-19 14:54:19,205 : INFO : TestLogin : test003 : 74 : ************ test 3 is passed ********
2023-05-19 14:57:52,582 : INFO : TestLogin : test003 : 72 : *********** Test 3 has started **********
2023-05-19 14:57:52,583 : INFO : TestLogin : test003 : 74 : ************ test 3 is passed ********
2023-05-19 14:58:40,569 : INFO : TestLogin : test001 : 19 : ******* Test is started ***********
2023-05-19 14:58:47,236 : INFO : TestLogin : test001 : 29 : ************* Test is passed
2023-05-19 14:58:51,652 : INFO : TestLogin : test_002 : 45 : ************ Test2 has started ***********
2023-05-19 14:58:59,218 : INFO : TestLogin : test_002 : 57 : ***************** Test is passed **********
2023-05-19 14:59:00,920 : INFO : TestLogin : test003 : 72 : *********** Test 3 has started **********
2023-05-19 14:59:00,921 : INFO : TestLogin : test003 : 74 : ************ test 3 is passed ********
2023-05-19 14:59:00,926 : INFO : TestLogin : test004 : 83 : *********** Test 4 has started **********
2023-05-19 14:59:00,926 : INFO : TestLogin : test004 : 88 : ************ test 4 is failed ********
2023-05-19 14:59:00,959 : INFO : TestLogin : test006 : 94 : *********** Test 6 has started **********
2023-05-19 14:59:00,960 : INFO : TestLogin : test006 : 99 : ************ test 6 is failed ********
2023-05-19 15:00:17,786 : INFO : TestLogin : test001 : 19 : ******* Test is started ***********
2023-05-19 15:00:22,084 : INFO : TestLogin : test001 : 29 : ************* Test is passed
2023-05-19 15:00:25,790 : INFO : TestLogin : test_002 : 45 : ************ Test2 has started ***********
2023-05-19 15:00:33,415 : INFO : TestLogin : test_002 : 57 : ***************** Test is passed **********
2023-05-19 15:00:35,210 : INFO : TestLogin : test003 : 72 : *********** Test 3 has started **********
2023-05-19 15:00:35,210 : INFO : TestLogin : test003 : 74 : ************ test 3 is passed ********
2023-05-19 15:00:35,215 : INFO : TestLogin : test004 : 83 : *********** Test 4 has started **********
2023-05-19 15:00:35,216 : INFO : TestLogin : test004 : 88 : ************ test 4 is failed ********
2023-05-19 15:00:35,253 : INFO : TestLogin : test006 : 94 : *********** Test 6 has started **********
2023-05-19 15:00:35,253 : INFO : TestLogin : test006 : 99 : ************ test 6 is failed ********
2023-05-19 15:00:41,579 : INFO : TestLogin : test001 : 19 : ******* Test is started ***********
2023-05-19 15:00:45,794 : INFO : TestLogin : test001 : 29 : ************* Test is passed
2023-05-19 15:00:47,694 : INFO : TestLogin : test003 : 72 : *********** Test 3 has started **********
2023-05-19 15:00:47,695 : INFO : TestLogin : test003 : 74 : ************ test 3 is passed ********
2023-05-19 15:00:47,700 : INFO : TestLogin : test006 : 94 : *********** Test 6 has started **********
2023-05-19 15:00:47,700 : INFO : TestLogin : test006 : 99 : ************ test 6 is failed ********
2023-05-19 15:05:07,315 : INFO : TestLogin : test001 : 19 : ******* Test is started ***********
2023-05-19 15:05:15,346 : INFO : TestLogin : test001 : 29 : ************* Test is passed
2023-05-19 15:05:19,922 : INFO : TestLogin : test_002 : 45 : ************ Test2 has started ***********
2023-05-19 15:05:26,578 : INFO : TestLogin : test003 : 72 : *********** Test 3 has started **********
2023-05-19 15:05:26,578 : INFO : TestLogin : test003 : 74 : ************ test 3 is passed ********
2023-05-19 15:05:26,580 : INFO : TestLogin : test004 : 83 : *********** Test 4 has started **********
2023-05-19 15:05:26,580 : INFO : TestLogin : test004 : 88 : ************ test 4 is failed ********
2023-05-19 15:05:26,591 : INFO : TestLogin : test006 : 94 : *********** Test 6 has started **********
2023-05-19 15:05:26,591 : INFO : TestLogin : test006 : 99 : ************ test 6 is failed ********
2023-05-19 15:05:34,379 : INFO : TestLogin : test001 : 19 : ******* Test is started ***********
2023-05-19 15:05:40,828 : INFO : TestLogin : test001 : 29 : ************* Test is passed
2023-05-19 15:05:43,206 : INFO : TestLogin : test003 : 72 : *********** Test 3 has started **********
2023-05-19 15:05:43,206 : INFO : TestLogin : test003 : 74 : ************ test 3 is passed ********
2023-05-19 15:05:43,206 : INFO : TestLogin : test006 : 94 : *********** Test 6 has started **********
2023-05-19 15:05:43,221 : INFO : TestLogin : test006 : 99 : ************ test 6 is failed ********
2023-05-19 15:12:09,132 : INFO : TestLogin : test001 : 19 : ******* Test is started ***********
2023-05-19 15:12:15,890 : INFO : TestLogin : test001 : 29 : ************* Test is passed
2023-05-19 15:12:19,407 : INFO : TestLogin : test_002 : 45 : ************ Test2 has started ***********
2023-05-19 15:12:25,739 : INFO : TestLogin : test_002 : 57 : ***************** Test is passed **********
2023-05-19 15:12:27,518 : INFO : TestLogin : test003 : 72 : *********** Test 3 has started **********
2023-05-19 15:12:27,518 : INFO : TestLogin : test003 : 74 : ************ test 3 is passed ********
2023-05-19 15:12:27,518 : INFO : TestLogin : test004 : 83 : *********** Test 4 has started **********
2023-05-19 15:12:27,518 : INFO : TestLogin : test004 : 88 : ************ test 4 is failed ********
2023-05-19 15:12:27,550 : INFO : TestLogin : test006 : 94 : *********** Test 6 has started **********
2023-05-19 15:12:27,550 : INFO : TestLogin : test006 : 99 : ************ test 6 is failed ********
2023-05-21 11:17:20,852 : INFO : TestLogin : test_002 : 45 : ************ Test2 has started ***********
2023-05-21 11:17:31,312 : INFO : TestLogin : test_002 : 57 : ***************** Test is passed **********
2023-05-21 11:17:33,025 : INFO : TestLogin : test003 : 72 : *********** Test 3 has started **********
2023-05-21 11:17:33,026 : INFO : TestLogin : test003 : 74 : ************ test 3 is passed ********
2023-05-21 11:17:33,031 : INFO : TestLogin : test004 : 83 : *********** Test 4 has started **********
2023-05-21 11:17:33,032 : INFO : TestLogin : test004 : 88 : ************ test 4 is failed ********
2023-05-21 11:21:22,104 : INFO : TestLogin : test_002 : 45 : ************ Test2 has started ***********
2023-05-21 11:21:32,601 : INFO : TestLogin : test_002 : 57 : ***************** Test is passed **********
2023-05-21 11:21:34,275 : INFO : TestLogin : test003 : 72 : *********** Test 3 has started **********
2023-05-21 11:21:34,276 : INFO : TestLogin : test003 : 74 : ************ test 3 is passed ********
2023-05-21 11:21:34,281 : INFO : TestLogin : test004 : 83 : *********** Test 4 has started **********
2023-05-21 11:21:34,281 : INFO : TestLogin : test004 : 88 : ************ test 4 is failed ********
2023-05-21 11:24:11,087 : INFO : TestLogin : test_002 : 45 : ************ Test2 has started ***********
2023-05-21 11:24:22,259 : INFO : TestLogin : test_002 : 57 : ***************** Test is passed **********
2023-05-21 11:24:23,982 : INFO : TestLogin : test003 : 72 : *********** Test 3 has started **********
2023-05-21 11:24:23,983 : INFO : TestLogin : test003 : 74 : ************ test 3 is passed ********
2023-05-21 11:24:23,988 : INFO : TestLogin : test004 : 83 : *********** Test 4 has started **********
2023-05-21 11:24:23,988 : INFO : TestLogin : test004 : 88 : ************ test 4 is failed ********
2023-05-21 11:24:54,720 : INFO : TestLogin : test_002 : 45 : ************ Test2 has started ***********
2023-05-21 11:25:02,440 : INFO : TestLogin : test_002 : 57 : ***************** Test is passed **********
2023-05-21 11:25:04,138 : INFO : TestLogin : test003 : 72 : *********** Test 3 has started **********
2023-05-21 11:25:04,140 : INFO : TestLogin : test003 : 74 : ************ test 3 is passed ********
2023-05-21 11:25:04,144 : INFO : TestLogin : test004 : 83 : *********** Test 4 has started **********
2023-05-21 11:25:04,144 : INFO : TestLogin : test004 : 88 : ************ test 4 is failed ********
2023-05-21 11:44:20,361 : INFO : TestLogin : test001 : 19 : ******* Test is started ***********
2023-05-21 11:44:32,896 : INFO : TestLogin : test001 : 29 : ************* Test is passed
2023-05-21 11:44:42,535 : INFO : TestLogin : test_002 : 45 : ************ Test2 has started ***********
2023-05-21 11:45:25,521 : INFO : TestLogin : test003 : 72 : *********** Test 3 has started **********
2023-05-21 11:45:25,522 : INFO : TestLogin : test003 : 74 : ************ test 3 is passed ********
2023-05-21 11:45:25,550 : INFO : TestLogin : test004 : 83 : *********** Test 4 has started **********
2023-05-21 11:45:25,550 : INFO : TestLogin : test004 : 88 : ************ test 4 is failed ********
2023-05-21 11:45:25,571 : INFO : TestLogin : test006 : 94 : *********** Test 6 has started **********
2023-05-21 11:45:25,571 : INFO : TestLogin : test006 : 99 : ************ test 6 is failed ********
2023-05-21 12:15:37,814 : INFO : TestLogin : test001 : 19 : ******* Test is started ***********
2023-05-21 12:15:47,713 : INFO : TestLogin : test001 : 29 : ************* Test is passed
2023-05-21 12:15:51,964 : INFO : TestLogin : test_002 : 45 : ************ Test2 has started ***********
2023-05-21 12:15:58,811 : INFO : TestLogin : test003 : 72 : *********** Test 3 has started **********
2023-05-21 12:15:58,812 : INFO : TestLogin : test003 : 74 : ************ test 3 is passed ********
2023-05-21 12:15:58,815 : INFO : TestLogin : test004 : 83 : *********** Test 4 has started **********
2023-05-21 12:15:58,815 : INFO : TestLogin : test004 : 88 : ************ test 4 is failed ********
2023-05-21 12:15:58,831 : INFO : TestLogin : test006 : 94 : *********** Test 6 has started **********
2023-05-21 12:15:58,831 : INFO : TestLogin : test006 : 99 : ************ test 6 is failed ********
2023-05-21 12:17:32,772 : INFO : TestLogin : test003 : 72 : *********** Test 3 has started **********
2023-05-21 12:17:32,772 : INFO : TestLogin : test003 : 74 : ************ test 3 is passed ********
2023-05-21 12:17:32,777 : INFO : TestLogin : test004 : 83 : *********** Test 4 has started **********
2023-05-21 12:17:32,777 : INFO : TestLogin : test004 : 88 : ************ test 4 is failed ********
2023-05-21 12:17:32,807 : INFO : TestLogin : test006 : 94 : *********** Test 6 has started **********
2023-05-21 12:17:32,807 : INFO : TestLogin : test006 : 99 : ************ test 6 is failed ********
2023-05-21 12:18:27,768 : INFO : TestLogin : test001 : 19 : ******* Test is started ***********
2023-05-21 12:18:35,633 : INFO : TestLogin : test001 : 29 : ************* Test is passed
2023-05-21 12:18:39,794 : INFO : TestLogin : test_002 : 45 : ************ Test2 has started ***********
2023-05-21 12:18:57,259 : INFO : TestLogin : test003 : 72 : *********** Test 3 has started **********
2023-05-21 12:18:57,262 : INFO : TestLogin : test003 : 74 : ************ test 3 is passed ********
2023-05-21 12:18:57,270 : INFO : TestLogin : test004 : 83 : *********** Test 4 has started **********
2023-05-21 12:18:57,271 : INFO : TestLogin : test004 : 88 : ************ test 4 is failed ********
2023-05-21 12:18:57,288 : INFO : TestLogin : test006 : 94 : *********** Test 6 has started **********
2023-05-21 12:18:57,288 : INFO : TestLogin : test006 : 99 : ************ test 6 is failed ********
2023-05-21 12:20:49,399 : INFO : TestLogin : test001 : 19 : ******* Test is started ***********
2023-05-21 12:20:56,120 : INFO : TestLogin : test001 : 29 : ************* Test is passed
2023-05-21 12:21:00,042 : INFO : TestLogin : test_002 : 45 : ************ Test2 has started ***********
2023-05-21 12:21:26,354 : INFO : TestLogin : test003 : 72 : *********** Test 3 has started **********
2023-05-21 12:21:26,354 : INFO : TestLogin : test003 : 74 : ************ test 3 is passed ********
2023-05-21 12:21:26,358 : INFO : TestLogin : test004 : 83 : *********** Test 4 has started **********
2023-05-21 12:21:26,358 : INFO : TestLogin : test004 : 88 : ************ test 4 is failed ********
2023-05-21 12:21:26,373 : INFO : TestLogin : test006 : 94 : *********** Test 6 has started **********
2023-05-21 12:21:26,374 : INFO : TestLogin : test006 : 99 : ************ test 6 is failed ********
2023-05-21 12:23:25,370 : INFO : TestLogin : test001 : 19 : ******* Test is started ***********
2023-05-21 12:23:35,560 : INFO : TestLogin : test001 : 29 : ************* Test is passed
2023-05-21 12:23:42,736 : INFO : TestLogin : test_002 : 45 : ************ Test2 has started ***********
2023-05-21 12:23:51,778 : INFO : TestLogin : test_002 : 57 : ***************** Test is passed **********
2023-05-21 12:23:53,695 : INFO : TestLogin : test003 : 72 : *********** Test 3 has started **********
2023-05-21 12:23:53,696 : INFO : TestLogin : test003 : 74 : ************ test 3 is passed ********
2023-05-21 12:23:53,728 : INFO : TestLogin : test004 : 83 : *********** Test 4 has started **********
2023-05-21 12:23:53,728 : INFO : TestLogin : test004 : 88 : ************ test 4 is failed ********
2023-05-21 12:23:53,775 : INFO : TestLogin : test006 : 94 : *********** Test 6 has started **********
2023-05-21 12:23:53,776 : INFO : TestLogin : test006 : 99 : ************ test 6 is failed ********
2023-05-21 12:24:33,068 : INFO : TestLogin : test001 : 19 : ******* Test is started ***********
2023-05-21 12:24:41,646 : INFO : TestLogin : test001 : 29 : ************* Test is passed
2023-05-21 12:24:50,031 : INFO : TestLogin : test_002 : 45 : ************ Test2 has started ***********
2023-05-21 12:24:59,899 : INFO : TestLogin : test_002 : 57 : ***************** Test is passed **********
2023-05-21 12:25:02,611 : INFO : TestLogin : test003 : 72 : *********** Test 3 has started **********
2023-05-21 12:25:02,612 : INFO : TestLogin : test003 : 74 : ************ test 3 is passed ********
2023-05-21 12:25:02,618 : INFO : TestLogin : test004 : 83 : *********** Test 4 has started **********
2023-05-21 12:25:02,618 : INFO : TestLogin : test004 : 88 : ************ test 4 is failed ********
2023-05-21 12:25:02,660 : INFO : TestLogin : test006 : 94 : *********** Test 6 has started **********
2023-05-21 12:25:02,661 : INFO : TestLogin : test006 : 99 : ************ test 6 is failed ********
2023-05-21 12:25:15,011 : INFO : TestLogin : test001 : 19 : ******* Test is started ***********
2023-05-21 12:25:21,830 : INFO : TestLogin : test001 : 29 : ************* Test is passed
2023-05-21 12:25:25,737 : INFO : TestLogin : test_002 : 45 : ************ Test2 has started ***********
2023-05-21 12:25:50,622 : INFO : TestLogin : test003 : 72 : *********** Test 3 has started **********
2023-05-21 12:25:50,622 : INFO : TestLogin : test003 : 74 : ************ test 3 is passed ********
2023-05-21 12:25:50,627 : INFO : TestLogin : test004 : 83 : *********** Test 4 has started **********
2023-05-21 12:25:50,628 : INFO : TestLogin : test004 : 88 : ************ test 4 is failed ********
2023-05-21 12:25:50,641 : INFO : TestLogin : test006 : 94 : *********** Test 6 has started **********
2023-05-21 12:25:50,641 : INFO : TestLogin : test006 : 99 : ************ test 6 is failed ********
2023-05-21 12:27:44,590 : INFO : TestLogin : test001 : 19 : ******* Test is started ***********
2023-05-21 12:27:54,879 : INFO : TestLogin : test001 : 29 : ************* Test is passed
2023-05-21 12:28:03,861 : INFO : TestLogin : test_002 : 45 : ************ Test2 has started ***********
2023-05-21 12:28:14,196 : INFO : TestLogin : test_002 : 57 : ***************** Test is passed **********
2023-05-21 12:28:16,153 : INFO : TestLogin : test003 : 72 : *********** Test 3 has started **********
2023-05-21 12:28:16,153 : INFO : TestLogin : test003 : 74 : ************ test 3 is passed ********
2023-05-21 12:28:16,158 : INFO : TestLogin : test004 : 83 : *********** Test 4 has started **********
2023-05-21 12:28:16,159 : INFO : TestLogin : test004 : 88 : ************ test 4 is failed ********
2023-05-21 12:28:16,248 : INFO : TestLogin : test006 : 94 : *********** Test 6 has started **********
2023-05-21 12:28:16,249 : INFO : TestLogin : test006 : 99 : ************ test 6 is failed ********
2023-05-21 12:29:25,917 : INFO : TestLogin : test001 : 21 : ******* Test is started ***********
2023-05-21 12:29:34,742 : INFO : TestLogin : test001 : 31 : ************* Test is passed
2023-05-21 12:29:38,670 : INFO : TestLogin : test_002 : 47 : ************ Test2 has started ***********
2023-05-21 12:30:11,854 : INFO : TestLogin : test003 : 75 : *********** Test 3 has started **********
2023-05-21 12:30:11,854 : INFO : TestLogin : test003 : 77 : ************ test 3 is passed ********
2023-05-21 12:30:11,860 : INFO : TestLogin : test004 : 86 : *********** Test 4 has started **********
2023-05-21 12:30:11,860 : INFO : TestLogin : test004 : 91 : ************ test 4 is failed ********
2023-05-21 12:30:11,876 : INFO : TestLogin : test006 : 97 : *********** Test 6 has started **********
2023-05-21 12:30:11,877 : INFO : TestLogin : test006 : 102 : ************ test 6 is failed ********
2023-05-21 12:38:32,933 : INFO : TestLogin : test001 : 21 : ******* Test is started ***********
2023-05-21 12:39:14,432 : INFO : TestLogin : test001 : 31 : ************* Test is passed
2023-05-21 12:39:17,036 : INFO : TestLogin : test003 : 75 : *********** Test 3 has started **********
2023-05-21 12:39:17,036 : INFO : TestLogin : test003 : 77 : ************ test 3 is passed ********
2023-05-21 12:39:17,042 : INFO : TestLogin : test006 : 97 : *********** Test 6 has started **********
2023-05-21 12:39:17,042 : INFO : TestLogin : test006 : 102 : ************ test 6 is failed ********
2023-05-21 12:42:28,319 : INFO : TestLogin : test003 : 75 : *********** Test 3 has started **********
2023-05-21 12:42:28,319 : INFO : TestLogin : test003 : 77 : ************ test 3 is passed ********
2023-05-21 12:42:30,667 : INFO : TestLogin : test001 : 21 : ******* Test is started ***********
2023-05-21 12:42:47,877 : INFO : TestLogin : test001 : 31 : ************* Test is passed
2023-05-21 12:42:49,991 : INFO : TestLogin : test006 : 97 : *********** Test 6 has started **********
2023-05-21 12:42:49,991 : INFO : TestLogin : test006 : 102 : ************ test 6 is failed ********
2023-05-21 12:43:33,007 : INFO : TestLogin : test001 : 21 : ******* Test is started ***********
2023-05-21 12:43:35,451 : INFO : TestLogin : test_002 : 47 : ************ Test2 has started ***********
2023-05-21 12:44:14,093 : INFO : TestLogin : test_002 : 60 : ***************** Test is passed **********
2023-05-21 12:44:22,102 : INFO : TestLogin : test004 : 86 : *********** Test 4 has started **********
2023-05-21 12:44:22,102 : INFO : TestLogin : test004 : 91 : ************ test 4 is failed ********
2023-05-21 12:44:22,140 : INFO : TestLogin : test006 : 97 : *********** Test 6 has started **********
2023-05-21 12:44:22,141 : INFO : TestLogin : test006 : 102 : ************ test 6 is failed ********
2023-05-21 12:44:25,640 : INFO : TestLogin : test001 : 31 : ************* Test is passed
2023-05-21 12:44:28,947 : INFO : TestLogin : test003 : 75 : *********** Test 3 has started **********
2023-05-21 12:44:28,948 : INFO : TestLogin : test003 : 77 : ************ test 3 is passed ********
2023-05-21 12:45:13,547 : INFO : TestLogin : test001 : 21 : ******* Test is started ***********
2023-05-21 12:45:16,902 : INFO : TestLogin : test_002 : 47 : ************ Test2 has started ***********
2023-05-21 12:45:21,616 : INFO : TestLogin : test001 : 31 : ************* Test is passed
2023-05-21 12:45:23,834 : INFO : TestLogin : test003 : 75 : *********** Test 3 has started **********
2023-05-21 12:45:23,834 : INFO : TestLogin : test003 : 77 : ************ test 3 is passed ********
2023-05-21 12:45:23,842 : INFO : TestLogin : test006 : 97 : *********** Test 6 has started **********
2023-05-21 12:45:23,842 : INFO : TestLogin : test006 : 102 : ************ test 6 is failed ********
2023-05-21 12:45:32,257 : INFO : TestLogin : test_002 : 60 : ***************** Test is passed **********
2023-05-21 12:45:34,015 : INFO : TestLogin : test004 : 86 : *********** Test 4 has started **********
2023-05-21 12:45:34,015 : INFO : TestLogin : test004 : 91 : ************ test 4 is failed ********
2023-05-21 12:45:41,280 : INFO : TestLogin : test001 : 21 : ******* Test is started ***********
2023-05-21 12:45:41,820 : INFO : TestLogin : test_002 : 47 : ************ Test2 has started ***********
2023-05-21 12:45:51,940 : INFO : TestLogin : test001 : 31 : ************* Test is passed
2023-05-21 12:45:54,285 : INFO : TestLogin : test003 : 75 : *********** Test 3 has started **********
2023-05-21 12:45:54,286 : INFO : TestLogin : test003 : 77 : ************ test 3 is passed ********
2023-05-21 12:45:54,294 : INFO : TestLogin : test006 : 97 : *********** Test 6 has started **********
2023-05-21 12:45:54,294 : INFO : TestLogin : test006 : 102 : ************ test 6 is failed ********
2023-05-21 12:46:00,473 : INFO : TestLogin : test_002 : 60 : ***************** Test is passed **********
2023-05-21 12:46:02,677 : INFO : TestLogin : test004 : 86 : *********** Test 4 has started **********
2023-05-21 12:46:02,677 : INFO : TestLogin : test004 : 91 : ************ test 4 is failed ********
2023-06-22 10:23:38,448 : INFO : TestLogin : test001 : 22 : ******* Test1 is started ***********
2023-06-22 10:23:48,652 : INFO : TestLogin : test001 : 32 : ************* Test1 is passed
2023-06-22 10:23:50,493 : INFO : TestLogin : test004 : 88 : *********** Test 4 has started **********
2023-06-22 10:23:50,493 : INFO : TestLogin : test004 : 93 : ************ test 4 is failed ********
2023-06-22 10:24:37,014 : INFO : TestLogin : test001 : 22 : ******* Test1 is started ***********
2023-06-22 10:24:46,982 : INFO : TestLogin : test001 : 32 : ************* Test1 is passed
2023-06-22 10:24:50,087 : INFO : TestLogin : test004 : 88 : *********** Test 4 has started **********
2023-06-22 10:24:50,087 : INFO : TestLogin : test004 : 93 : ************ test 4 is failed ********
2023-06-22 10:25:46,883 : INFO : TestLogin : test003 : 76 : *********** Test 3 has started **********
2023-06-22 10:25:46,884 : INFO : TestLogin : test003 : 78 : ************ test 3 is passed ********
2023-06-22 10:28:21,181 : INFO : TestLogin : test_002 : 48 : ************ Test2 has started ***********
2023-06-22 10:28:21,474 : INFO : TestLogin : test001 : 22 : ******* Test1 is started ***********
2023-06-22 10:28:43,921 : INFO : TestLogin : test001 : 32 : ************* Test1 is passed
2023-06-22 10:28:47,965 : INFO : TestLogin : test003 : 76 : *********** Test 3 has started **********
2023-06-22 10:28:47,966 : INFO : TestLogin : test003 : 78 : ************ test 3 is passed ********
2023-06-22 10:28:47,975 : INFO : TestLogin : test006 : 99 : *********** Test 6 has started **********
2023-06-22 10:28:47,976 : INFO : TestLogin : test006 : 104 : ************ test 6 is failed ********
2023-06-22 10:28:53,865 : INFO : TestLogin : test_002 : 61 : ***************** Test is passed **********
2023-06-22 10:28:57,389 : INFO : TestLogin : test004 : 88 : *********** Test 4 has started **********
2023-06-22 10:28:57,390 : INFO : TestLogin : test004 : 93 : ************ test 4 is failed ********
2023-06-22 12:52:37,670 : INFO : TestDataDriver : test_Case001 : 18 : ********* Browser is opened ********
2023-06-22 12:55:57,808 : INFO : TestDataDriver : test_Case001 : 18 : ********* Browser is opened ********
2023-06-26 10:31:08,673 : INFO : TestLogin : test001 : 22 : ******* Test1 is started ***********
2023-06-26 10:31:17,000 : INFO : TestLogin : test001 : 32 : ************* Test1 is passed
2023-06-26 10:31:21,959 : INFO : TestLogin : test_002 : 48 : ************ Test2 has started ***********
2023-06-26 10:31:38,170 : INFO : TestLogin : test_002 : 61 : ***************** Test is passed **********
2023-06-26 10:31:40,068 : INFO : TestLogin : test003 : 76 : *********** Test 3 has started **********
2023-06-26 10:31:40,069 : INFO : TestLogin : test003 : 78 : ************ test 3 is passed ********
2023-06-26 10:31:40,074 : INFO : TestLogin : test004 : 88 : *********** Test 4 has started **********
2023-06-26 10:31:40,074 : INFO : TestLogin : test004 : 93 : ************ test 4 is failed ********
2023-06-26 10:31:40,116 : INFO : TestLogin : test006 : 99 : *********** Test 6 has started **********
2023-06-26 10:31:40,117 : INFO : TestLogin : test006 : 104 : ************ test 6 is failed ********
2023-06-26 10:31:49,105 : INFO : TestDataDriver : test_Case001 : 17 : ********* Browser is opened ********
